<?xml version="1.0" encoding="UTF-8"?>
<!-- Generated by org.testng.reporters.JUnitReportReporter -->
<testsuite hostname="LP-5CD1184GL8" failures="0" tests="2" name="testingTest" time="0.007" errors="0" timestamp="2021-07-16T11:42:52 IST" skipped="0">
  <testcase classname="testingTest" name="getvalueTest" time="0.006"/>
  <system-out/>
  <testcase classname="testingTest" name="setvalueTest" time="0.001"/>
  <system-out/>
</testsuite> <!-- testingTest -->
