<?xml version="1.0" encoding="UTF-8"?>
<!-- Generated by org.testng.reporters.JUnitReportReporter -->
<testsuite hostname="LP-5CD1184GL8" failures="0" tests="1" name="Tips" time="9.644" errors="0" timestamp="2021-07-28T13:36:33 IST" skipped="0">
  <testcase classname="Tips" name="ticls" time="9.644"/>
  <system-out/>
</testsuite> <!-- Tips -->
